0 info it worked if it ends with ok
1 verbose cli [ 'C:\\Program Files\\nodejs\\node.exe',
1 verbose cli   'C:\\Program Files\\nodejs\\node_modules\\npm\\bin\\npm-cli.js',
1 verbose cli   'publish' ]
2 info using npm@3.3.12
3 info using node@v5.1.0
4 verbose publish [ '.' ]
5 silly cache add args [ '.', null ]
6 verbose cache add spec .
7 silly cache add parsed spec Result {
7 silly cache add   raw: '.',
7 silly cache add   scope: null,
7 silly cache add   name: null,
7 silly cache add   rawSpec: '.',
7 silly cache add   spec: 'D:\\hk\\GITHUB\\ngapp-template',
7 silly cache add   type: 'directory' }
8 verbose addLocalDirectory C:\Users\hesing\AppData\Roaming\npm-cache\ngapp-template\1.0.2\package.tgz not in flight; packing
9 info lifecycle ngapp-template@1.0.2~prepublish: ngapp-template@1.0.2
10 silly lifecycle ngapp-template@1.0.2~prepublish: no script for prepublish, continuing
11 verbose tar pack [ 'C:\\Users\\hesing\\AppData\\Roaming\\npm-cache\\ngapp-template\\1.0.2\\package.tgz',
11 verbose tar pack   'D:\\hk\\GITHUB\\ngapp-template' ]
12 verbose tarball C:\Users\hesing\AppData\Roaming\npm-cache\ngapp-template\1.0.2\package.tgz
13 verbose folder D:\hk\GITHUB\ngapp-template
14 verbose addLocalTarball adding from inside cache C:\Users\hesing\AppData\Roaming\npm-cache\ngapp-template\1.0.2\package.tgz
15 silly cache afterAdd ngapp-template@1.0.2
16 verbose afterAdd C:\Users\hesing\AppData\Roaming\npm-cache\ngapp-template\1.0.2\package\package.json not in flight; writing
17 verbose afterAdd C:\Users\hesing\AppData\Roaming\npm-cache\ngapp-template\1.0.2\package\package.json written
18 silly publish { name: 'ngapp-template',
18 silly publish   version: '1.0.2',
18 silly publish   description: 'bootstrap 4, cosmo theme, flexbox in action',
18 silly publish   main: 'gulpfile.js',
18 silly publish   dependencies:
18 silly publish    { gulp: '^3.9.1',
18 silly publish      'gulp-minify-css': '^1.2.4',
18 silly publish      'gulp-notify': '^2.2.0',
18 silly publish      'gulp-sass': '^2.3.1',
18 silly publish      'gulp-server-livereload': '^1.7.1',
18 silly publish      'gulp-template': '^3.1.0',
18 silly publish      'gulp-util': '^3.0.7' },
18 silly publish   devDependencies: {},
18 silly publish   scripts: { start: 'gulp' },
18 silly publish   repository:
18 silly publish    { type: 'git',
18 silly publish      url: 'git+https://github.com/hesing/ngapp-template.git' },
18 silly publish   author: { name: 'Hemant' },
18 silly publish   license: 'ISC',
18 silly publish   bugs: { url: 'https://github.com/hesing/ngapp-template/issues' },
18 silly publish   homepage: 'https://github.com/hesing/ngapp-template/tree/bs4-template#readme',
18 silly publish   readme: '# Custom Theme\n\n## Publish to npm registry\n\n```\nnpm adduser\nnpm config ls\nnpm publish\n```\n\n## Update Package\n\n```\nnpm version patch // update last digit x.x.1\nnpm publish\n```\n\n## Use published package\n\n```\nnpm install hk-theme \n```\n\n## Theme Setup\n\n```\nnpm i\ngulp\n```\n',
18 silly publish   readmeFilename: 'README.md',
18 silly publish   gitHead: '8f1ea5f3f4d608b22ea4e3ce5750bcd935fbd265',
18 silly publish   _id: 'ngapp-template@1.0.2',
18 silly publish   _shasum: '6cc80d0ce2b4406bcf66001a959212fe365388ea',
18 silly publish   _from: '.' }
19 verbose getPublishConfig undefined
20 silly mapToRegistry name ngapp-template
21 silly mapToRegistry using default registry
22 silly mapToRegistry registry https://registry.npmjs.org/
23 silly mapToRegistry uri https://registry.npmjs.org/ngapp-template
24 verbose publish registryBase https://registry.npmjs.org/
25 silly publish uploading C:\Users\hesing\AppData\Roaming\npm-cache\ngapp-template\1.0.2\package.tgz
26 verbose request uri https://registry.npmjs.org/ngapp-template
27 verbose request sending authorization for write operation
28 info attempt registry request try #1 at 1:12:03 PM
29 verbose request using bearer token for auth
30 verbose request id 09218c20a303bcf8
31 http request PUT https://registry.npmjs.org/ngapp-template
32 http 403 https://registry.npmjs.org/ngapp-template
33 verbose headers { 'content-type': 'application/json',
33 verbose headers   'cache-control': 'max-age=300',
33 verbose headers   'content-length': '95',
33 verbose headers   'accept-ranges': 'bytes',
33 verbose headers   date: 'Sat, 07 May 2016 07:42:06 GMT',
33 verbose headers   via: '1.1 varnish',
33 verbose headers   connection: 'keep-alive',
33 verbose headers   'x-served-by': 'cache-sin6920-SIN',
33 verbose headers   'x-cache': 'MISS',
33 verbose headers   'x-cache-hits': '0',
33 verbose headers   'x-timer': 'S1462606924.314624,VS0,VE1753',
33 verbose headers   vary: 'Accept-Encoding' }
34 verbose request invalidating C:\Users\hesing\AppData\Roaming\npm-cache\registry.npmjs.org\ngapp-template on PUT
35 error publish Failed PUT 403
36 verbose stack Error: "You cannot publish over the previously published version 1.0.2." : ngapp-template
36 verbose stack     at makeError (C:\Program Files\nodejs\node_modules\npm\node_modules\npm-registry-client\lib\request.js:264:12)
36 verbose stack     at CachingRegistryClient.<anonymous> (C:\Program Files\nodejs\node_modules\npm\node_modules\npm-registry-client\lib\request.js:252:14)
36 verbose stack     at Request._callback (C:\Program Files\nodejs\node_modules\npm\node_modules\npm-registry-client\lib\request.js:172:14)
36 verbose stack     at Request.self.callback (C:\Program Files\nodejs\node_modules\npm\node_modules\request\request.js:198:22)
36 verbose stack     at emitTwo (events.js:87:13)
36 verbose stack     at Request.emit (events.js:172:7)
36 verbose stack     at Request.<anonymous> (C:\Program Files\nodejs\node_modules\npm\node_modules\request\request.js:1082:10)
36 verbose stack     at emitOne (events.js:82:20)
36 verbose stack     at Request.emit (events.js:169:7)
36 verbose stack     at IncomingMessage.<anonymous> (C:\Program Files\nodejs\node_modules\npm\node_modules\request\request.js:1009:12)
37 verbose statusCode 403
38 verbose pkgid ngapp-template
39 verbose cwd D:\hk\GITHUB\ngapp-template
40 error Windows_NT 10.0.10586
41 error argv "C:\\Program Files\\nodejs\\node.exe" "C:\\Program Files\\nodejs\\node_modules\\npm\\bin\\npm-cli.js" "publish"
42 error node v5.1.0
43 error npm  v3.3.12
44 error code E403
45 error "You cannot publish over the previously published version 1.0.2." : ngapp-template
46 error If you need help, you may report this error at:
46 error     <https://github.com/npm/npm/issues>
47 verbose exit [ 1, true ]
